<?xml version="1.0" encoding="UTF-8"?>
<testng-results total="1" passed="1" failed="0" skipped="0">
  <reporter-output>
  </reporter-output>
  <suite started-at="2024-10-29T11:40:18Z" name="Default suite" finished-at="2024-10-29T11:40:56Z" duration-ms="37793">
    <groups>
    </groups>
    <test started-at="2024-10-29T11:40:18Z" name="Default test" finished-at="2024-10-29T11:40:56Z" duration-ms="37793">
      <class name="org.testing.testScripts.TC7_ClickOnWatchLater">
        <test-method is-config="true" signature="browserInvoke()[pri:0, instance:org.testing.testScripts.TC7_ClickOnWatchLater@1b1cfb87]" started-at="2024-10-29T17:10:18Z" name="browserInvoke" finished-at="2024-10-29T17:10:24Z" duration-ms="6119" status="PASS">
          <reporter-output>
          </reporter-output>
        </test-method> <!-- browserInvoke -->
        <test-method signature="tc7()[pri:0, instance:org.testing.testScripts.TC7_ClickOnWatchLater@1b1cfb87]" started-at="2024-10-29T17:10:24Z" name="tc7" finished-at="2024-10-29T17:10:55Z" duration-ms="31290" status="PASS">
          <reporter-output>
          </reporter-output>
        </test-method> <!-- tc7 -->
        <test-method is-config="true" signature="closure()[pri:0, instance:org.testing.testScripts.TC7_ClickOnWatchLater@1b1cfb87]" started-at="2024-10-29T17:10:55Z" name="closure" finished-at="2024-10-29T17:10:56Z" duration-ms="370" status="PASS">
          <reporter-output>
          </reporter-output>
        </test-method> <!-- closure -->
      </class> <!-- org.testing.testScripts.TC7_ClickOnWatchLater -->
    </test> <!-- Default test -->
  </suite> <!-- Default suite -->
</testng-results>
